yarn run v1.22.22
$ storybook build --output-dir=/var/folders/t3/2vdrqqn57p38t24j1h4jk3k80000gn/T/chromatic--16195-dY4NsrW7Q9Ex
@storybook/core v8.3.6

info => Cleaning outputDir: ../../../../../var/folders/t3/2vdrqqn57p38t24j1h4jk3k80000gn/T/chromatic--16195-dY4NsrW7Q9Ex
info => Loading presets
info => Building manager..
info => Manager built (79 ms)
info => Building preview..
info => Copying static files: public at ../../../../../var/folders/t3/2vdrqqn57p38t24j1h4jk3k80000gn/T/chromatic--16195-dY4NsrW7Q9Ex
[36mvite v5.4.7 [32mbuilding for production...[36m[39m
transforming...
[32m✓[39m 809 modules transformed.
rendering chunks...
computing gzip size...
[2m../../../../../var/folders/t3/2vdrqqn57p38t24j1h4jk3k80000gn/T/chromatic--16195-dY4NsrW7Q9Ex/[22m[32miframe.html                               [39m[1m[2m 16.15 kB[22m[1m[22m[2m │ gzip:   4.43 kB[22m
[2m../../../../../var/folders/t3/2vdrqqn57p38t24j1h4jk3k80000gn/T/chromatic--16195-dY4NsrW7Q9Ex/[22m[2massets/[22m[32mpercolate-DRCOIxOU.ttf             [39m[1m[2m 34.04 kB[22m[1m[22m
[2m../../../../../var/folders/t3/2vdrqqn57p38t24j1h4jk3k80000gn/T/chromatic--16195-dY4NsrW7Q9Ex/[22m[2massets/[22m[32mpercolate-CHhiJIbk.woff            [39m[1m[2m 34.11 kB[22m[1m[22m
[2m../../../../../var/folders/t3/2vdrqqn57p38t24j1h4jk3k80000gn/T/chromatic--16195-dY4NsrW7Q9Ex/[22m[2massets/[22m[32mpercolate-B3ZmwEvN.eot             [39m[1m[2m 34.21 kB[22m[1m[22m
[2m../../../../../var/folders/t3/2vdrqqn57p38t24j1h4jk3k80000gn/T/chromatic--16195-dY4NsrW7Q9Ex/[22m[2massets/[22m[32mpercolate-CV54FrqG.svg             [39m[1m[2m140.51 kB[22m[1m[22m[2m │ gzip:  46.93 kB[22m
[2m../../../../../var/folders/t3/2vdrqqn57p38t24j1h4jk3k80000gn/T/chromatic--16195-dY4NsrW7Q9Ex/[22m[2massets/[22m[35mpreview-DchzsQX9.css               [39m[1m[2m  6.86 kB[22m[1m[22m[2m │ gzip:   2.05 kB[22m
[2m../../../../../var/folders/t3/2vdrqqn57p38t24j1h4jk3k80000gn/T/chromatic--16195-dY4NsrW7Q9Ex/[22m[2massets/[22m[36mpreview-dZN-ZxGW.js                [39m[1m[2m  0.16 kB[22m[1m[22m[2m │ gzip:   0.16 kB[22m
[2m../../../../../var/folders/t3/2vdrqqn57p38t24j1h4jk3k80000gn/T/chromatic--16195-dY4NsrW7Q9Ex/[22m[2massets/[22m[36mpreview-DFmD0pui.js                [39m[1m[2m  0.17 kB[22m[1m[22m[2m │ gzip:   0.15 kB[22m
[2m../../../../../var/folders/t3/2vdrqqn57p38t24j1h4jk3k80000gn/T/chromatic--16195-dY4NsrW7Q9Ex/[22m[2massets/[22m[36mindex-B9eRDqb_.js                  [39m[1m[2m  0.46 kB[22m[1m[22m[2m │ gzip:   0.30 kB[22m
[2m../../../../../var/folders/t3/2vdrqqn57p38t24j1h4jk3k80000gn/T/chromatic--16195-dY4NsrW7Q9Ex/[22m[2massets/[22m[36mchunk-H6MOWX77-DTQOW814.js         [39m[1m[2m  0.60 kB[22m[1m[22m[2m │ gzip:   0.37 kB[22m
[2m../../../../../var/folders/t3/2vdrqqn57p38t24j1h4jk3k80000gn/T/chromatic--16195-dY4NsrW7Q9Ex/[22m[2massets/[22m[36mpreview-BhhEZcNS.js                [39m[1m[2m  0.64 kB[22m[1m[22m[2m │ gzip:   0.45 kB[22m
[2m../../../../../var/folders/t3/2vdrqqn57p38t24j1h4jk3k80000gn/T/chromatic--16195-dY4NsrW7Q9Ex/[22m[2massets/[22m[36m_commonjsHelpers-BosuxZz1.js       [39m[1m[2m  0.69 kB[22m[1m[22m[2m │ gzip:   0.38 kB[22m
[2m../../../../../var/folders/t3/2vdrqqn57p38t24j1h4jk3k80000gn/T/chromatic--16195-dY4NsrW7Q9Ex/[22m[2massets/[22m[36mpreview-DGUiP6tS.js                [39m[1m[2m  0.71 kB[22m[1m[22m[2m │ gzip:   0.50 kB[22m
[2m../../../../../var/folders/t3/2vdrqqn57p38t24j1h4jk3k80000gn/T/chromatic--16195-dY4NsrW7Q9Ex/[22m[2massets/[22m[36mindex-DrFu-skq.js                  [39m[1m[2m  0.77 kB[22m[1m[22m[2m │ gzip:   0.47 kB[22m
[2m../../../../../var/folders/t3/2vdrqqn57p38t24j1h4jk3k80000gn/T/chromatic--16195-dY4NsrW7Q9Ex/[22m[2massets/[22m[36mindex-D3ylJrlI.js                  [39m[1m[2m  0.80 kB[22m[1m[22m[2m │ gzip:   0.52 kB[22m
[2m../../../../../var/folders/t3/2vdrqqn57p38t24j1h4jk3k80000gn/T/chromatic--16195-dY4NsrW7Q9Ex/[22m[2massets/[22m[36mreact-18-CHoDaMYz.js               [39m[1m[2m  0.84 kB[22m[1m[22m[2m │ gzip:   0.49 kB[22m
[2m../../../../../var/folders/t3/2vdrqqn57p38t24j1h4jk3k80000gn/T/chromatic--16195-dY4NsrW7Q9Ex/[22m[2massets/[22m[36mpreview-Dp-rb8x2.js                [39m[1m[2m  0.90 kB[22m[1m[22m[2m │ gzip:   0.58 kB[22m
[2m../../../../../var/folders/t3/2vdrqqn57p38t24j1h4jk3k80000gn/T/chromatic--16195-dY4NsrW7Q9Ex/[22m[2massets/[22m[36mjsx-runtime-CB5fy6C8.js            [39m[1m[2m  0.92 kB[22m[1m[22m[2m │ gzip:   0.58 kB[22m
[2m../../../../../var/folders/t3/2vdrqqn57p38t24j1h4jk3k80000gn/T/chromatic--16195-dY4NsrW7Q9Ex/[22m[2massets/[22m[36mpreview-BH2kLcHf.js                [39m[1m[2m  1.01 kB[22m[1m[22m[2m │ gzip:   0.68 kB[22m
[2m../../../../../var/folders/t3/2vdrqqn57p38t24j1h4jk3k80000gn/T/chromatic--16195-dY4NsrW7Q9Ex/[22m[2massets/[22m[36mindex-BkbYumDV.js                  [39m[1m[2m  1.86 kB[22m[1m[22m[2m │ gzip:   0.94 kB[22m
[2m../../../../../var/folders/t3/2vdrqqn57p38t24j1h4jk3k80000gn/T/chromatic--16195-dY4NsrW7Q9Ex/[22m[2massets/[22m[36mindex-D-8MO0q_.js                  [39m[1m[2m  2.58 kB[22m[1m[22m[2m │ gzip:   1.26 kB[22m
[2m../../../../../var/folders/t3/2vdrqqn57p38t24j1h4jk3k80000gn/T/chromatic--16195-dY4NsrW7Q9Ex/[22m[2massets/[22m[36mTask.stories-DlLGXgQg.js           [39m[1m[2m  2.97 kB[22m[1m[22m[2m │ gzip:   1.13 kB[22m
[2m../../../../../var/folders/t3/2vdrqqn57p38t24j1h4jk3k80000gn/T/chromatic--16195-dY4NsrW7Q9Ex/[22m[2massets/[22m[36mpreview-aVwhiz9X.js                [39m[1m[2m  3.50 kB[22m[1m[22m[2m │ gzip:   1.69 kB[22m
[2m../../../../../var/folders/t3/2vdrqqn57p38t24j1h4jk3k80000gn/T/chromatic--16195-dY4NsrW7Q9Ex/[22m[2massets/[22m[36miframe-Dp-JAB5N.js                 [39m[1m[2m  4.68 kB[22m[1m[22m[2m │ gzip:   1.91 kB[22m
[2m../../../../../var/folders/t3/2vdrqqn57p38t24j1h4jk3k80000gn/T/chromatic--16195-dY4NsrW7Q9Ex/[22m[2massets/[22m[36mpreview-D77C14du.js                [39m[1m[2m  5.03 kB[22m[1m[22m[2m │ gzip:   1.86 kB[22m
[2m../../../../../var/folders/t3/2vdrqqn57p38t24j1h4jk3k80000gn/T/chromatic--16195-dY4NsrW7Q9Ex/[22m[2massets/[22m[36mindex-D9zwcjsT.js                  [39m[1m[2m  7.18 kB[22m[1m[22m[2m │ gzip:   2.92 kB[22m
[2m../../../../../var/folders/t3/2vdrqqn57p38t24j1h4jk3k80000gn/T/chromatic--16195-dY4NsrW7Q9Ex/[22m[2massets/[22m[36mpreview-BWzBA1C2.js                [39m[1m[2m  7.62 kB[22m[1m[22m[2m │ gzip:   1.56 kB[22m
[2m../../../../../var/folders/t3/2vdrqqn57p38t24j1h4jk3k80000gn/T/chromatic--16195-dY4NsrW7Q9Ex/[22m[2massets/[22m[36mpreview-CFgKly6U.js                [39m[1m[2m  8.12 kB[22m[1m[22m[2m │ gzip:   3.10 kB[22m
[2m../../../../../var/folders/t3/2vdrqqn57p38t24j1h4jk3k80000gn/T/chromatic--16195-dY4NsrW7Q9Ex/[22m[2massets/[22m[36mInboxScreen.stories-B-9glnFn.js    [39m[1m[2m 16.18 kB[22m[1m[22m[2m │ gzip:   6.49 kB[22m
[2m../../../../../var/folders/t3/2vdrqqn57p38t24j1h4jk3k80000gn/T/chromatic--16195-dY4NsrW7Q9Ex/[22m[2massets/[22m[36mTaskList.stories-CoF_wng1.js       [39m[1m[2m 29.07 kB[22m[1m[22m[2m │ gzip:  10.86 kB[22m
[2m../../../../../var/folders/t3/2vdrqqn57p38t24j1h4jk3k80000gn/T/chromatic--16195-dY4NsrW7Q9Ex/[22m[2massets/[22m[36mColor-ERTF36HU-BW6fLQCX.js         [39m[1m[2m 30.98 kB[22m[1m[22m[2m │ gzip:  11.75 kB[22m
[2m../../../../../var/folders/t3/2vdrqqn57p38t24j1h4jk3k80000gn/T/chromatic--16195-dY4NsrW7Q9Ex/[22m[2massets/[22m[36mentry-preview-CWn1Hsxg.js          [39m[1m[2m 38.46 kB[22m[1m[22m[2m │ gzip:  13.71 kB[22m
[2m../../../../../var/folders/t3/2vdrqqn57p38t24j1h4jk3k80000gn/T/chromatic--16195-dY4NsrW7Q9Ex/[22m[2massets/[22m[36mpreview-DhYv5vz5.js                [39m[1m[2m 49.61 kB[22m[1m[22m[2m │ gzip:  15.87 kB[22m
[2m../../../../../var/folders/t3/2vdrqqn57p38t24j1h4jk3k80000gn/T/chromatic--16195-dY4NsrW7Q9Ex/[22m[2massets/[22m[36mindex-DF3CPj03.js                  [39m[1m[2m 75.15 kB[22m[1m[22m[2m │ gzip:  22.73 kB[22m
[2m../../../../../var/folders/t3/2vdrqqn57p38t24j1h4jk3k80000gn/T/chromatic--16195-dY4NsrW7Q9Ex/[22m[2massets/[22m[36mindex-B1wNb4xN.js                  [39m[1m[2m134.00 kB[22m[1m[22m[2m │ gzip:  43.17 kB[22m
[2m../../../../../var/folders/t3/2vdrqqn57p38t24j1h4jk3k80000gn/T/chromatic--16195-dY4NsrW7Q9Ex/[22m[2massets/[22m[36mdecorators-86JrGkCj.js             [39m[1m[2m192.50 kB[22m[1m[22m[2m │ gzip:  61.67 kB[22m
[2m../../../../../var/folders/t3/2vdrqqn57p38t24j1h4jk3k80000gn/T/chromatic--16195-dY4NsrW7Q9Ex/[22m[2massets/[22m[36mentry-preview-docs-C-bCLdQT.js     [39m[1m[2m244.37 kB[22m[1m[22m[2m │ gzip:  73.36 kB[22m
[2m../../../../../var/folders/t3/2vdrqqn57p38t24j1h4jk3k80000gn/T/chromatic--16195-dY4NsrW7Q9Ex/[22m[2massets/[22m[36mindex-DEpIhj4w.js                  [39m[1m[33m545.16 kB[39m[22m[2m │ gzip: 144.62 kB[22m
[2m../../../../../var/folders/t3/2vdrqqn57p38t24j1h4jk3k80000gn/T/chromatic--16195-dY4NsrW7Q9Ex/[22m[2massets/[22m[36maxe-Ct0p1Ykl.js                    [39m[1m[33m572.10 kB[39m[22m[2m │ gzip: 157.89 kB[22m
[2m../../../../../var/folders/t3/2vdrqqn57p38t24j1h4jk3k80000gn/T/chromatic--16195-dY4NsrW7Q9Ex/[22m[2massets/[22m[36mDocsRenderer-CFRXHY34-CiglWKTc.js  [39m[1m[33m901.73 kB[39m[22m[2m │ gzip: 285.19 kB[22m
[32m✓ built in 4.07s[39m
info => Preview built (4.44 s)
info => Output directory: /var/folders/t3/2vdrqqn57p38t24j1h4jk3k80000gn/T/chromatic--16195-dY4NsrW7Q9Ex
Done in 5.97s.
